0 info it worked if it ends with ok
1 verbose cli [ 'node', '/usr/local/bin/npm', 'install', '-g', 'grunt-cli' ]
2 info using npm@2.7.4
3 info using node@v0.12.1
4 silly cache add args [ 'grunt-cli', null ]
5 verbose cache add spec grunt-cli
6 silly cache add parsed spec { raw: 'grunt-cli',
6 silly cache add   scope: null,
6 silly cache add   name: 'grunt-cli',
6 silly cache add   rawSpec: '',
6 silly cache add   spec: '*',
6 silly cache add   type: 'range' }
7 verbose addNamed grunt-cli@*
8 silly addNamed semver.valid null
9 silly addNamed semver.validRange *
10 silly addNameRange { name: 'grunt-cli', range: '*', hasData: false }
11 silly mapToRegistry name grunt-cli
12 silly mapToRegistry using default registry
13 silly mapToRegistry registry https://registry.npmjs.org/
14 silly mapToRegistry uri https://registry.npmjs.org/grunt-cli
15 verbose addNameRange registry:https://registry.npmjs.org/grunt-cli not in flight; fetching
16 verbose request uri https://registry.npmjs.org/grunt-cli
17 verbose request no auth needed
18 info attempt registry request try #1 at 18:14:33
19 verbose request id 0497f5ab1a82f2dc
20 verbose etag "9XWEZHXJ7R6NBUTIHEDOG5STX"
21 http request GET https://registry.npmjs.org/grunt-cli
22 http 304 https://registry.npmjs.org/grunt-cli
23 silly get cb [ 304,
23 silly get   { date: 'Sat, 16 May 2015 10:14:34 GMT',
23 silly get     via: '1.1 varnish',
23 silly get     'cache-control': 'max-age=60',
23 silly get     etag: '"9XWEZHXJ7R6NBUTIHEDOG5STX"',
23 silly get     age: '4',
23 silly get     connection: 'keep-alive',
23 silly get     'x-served-by': 'cache-nrt6122-NRT',
23 silly get     'x-cache': 'HIT',
23 silly get     'x-cache-hits': '1',
23 silly get     'x-timer': 'S1431771274.318799,VS0,VE0',
23 silly get     vary: 'Accept' } ]
24 verbose etag https://registry.npmjs.org/grunt-cli from cache
25 verbose get saving grunt-cli to /Users/suchen/.npm/registry.npmjs.org/grunt-cli/.cache.json
26 silly addNameRange number 2 { name: 'grunt-cli', range: '*', hasData: true }
27 silly addNameRange versions [ 'grunt-cli',
27 silly addNameRange   [ '0.1.0',
27 silly addNameRange     '0.1.1',
27 silly addNameRange     '0.1.2',
27 silly addNameRange     '0.1.3',
27 silly addNameRange     '0.1.4',
27 silly addNameRange     '0.1.5',
27 silly addNameRange     '0.1.6',
27 silly addNameRange     '0.1.7',
27 silly addNameRange     '0.1.8',
27 silly addNameRange     '0.1.9',
27 silly addNameRange     '0.1.10',
27 silly addNameRange     '0.1.11',
27 silly addNameRange     '0.1.12',
27 silly addNameRange     '0.1.13' ] ]
28 verbose addNamed grunt-cli@0.1.13
29 silly addNamed semver.valid 0.1.13
30 silly addNamed semver.validRange 0.1.13
31 silly cache afterAdd grunt-cli@0.1.13
32 verbose afterAdd /Users/suchen/.npm/grunt-cli/0.1.13/package/package.json not in flight; writing
33 verbose afterAdd /Users/suchen/.npm/grunt-cli/0.1.13/package/package.json written
34 silly install resolved [ { name: 'grunt-cli',
34 silly install resolved     description: 'The grunt command line interface.',
34 silly install resolved     version: '0.1.13',
34 silly install resolved     author: { name: 'Grunt Team' },
34 silly install resolved     homepage: 'http://gruntjs.com/',
34 silly install resolved     repository: { type: 'git', url: 'git://github.com/gruntjs/grunt-cli.git' },
34 silly install resolved     bugs: { url: 'http://github.com/gruntjs/grunt-cli/issues' },
34 silly install resolved     licenses: [ [Object] ],
34 silly install resolved     bin: { grunt: 'bin/grunt' },
34 silly install resolved     engines: { node: '>= 0.8.0' },
34 silly install resolved     scripts: { test: 'node bin/grunt test' },
34 silly install resolved     preferGlobal: true,
34 silly install resolved     dependencies: { nopt: '~1.0.10', 'findup-sync': '~0.1.0', resolve: '~0.3.1' },
34 silly install resolved     devDependencies: { grunt: '~0.4.0', 'grunt-contrib-jshint': '~0.2.0' },
34 silly install resolved     contributors: [ [Object], [Object], [Object], [Object] ],
34 silly install resolved     _id: 'grunt-cli@0.1.13',
34 silly install resolved     dist:
34 silly install resolved      { shasum: 'e9ebc4047631f5012d922770c39378133cad10f4',
34 silly install resolved        tarball: 'http://registry.npmjs.org/grunt-cli/-/grunt-cli-0.1.13.tgz' },
34 silly install resolved     _from: 'grunt-cli@*',
34 silly install resolved     _npmVersion: '1.3.24',
34 silly install resolved     _npmUser: { name: 'tkellen', email: 'tyler@sleekcode.net' },
34 silly install resolved     maintainers: [ [Object] ],
34 silly install resolved     directories: {},
34 silly install resolved     _shasum: 'e9ebc4047631f5012d922770c39378133cad10f4',
34 silly install resolved     _resolved: 'https://registry.npmjs.org/grunt-cli/-/grunt-cli-0.1.13.tgz',
34 silly install resolved     readme: 'ERROR: No README data found!' } ]
35 info install grunt-cli@0.1.13 into /usr/local/lib
36 info installOne grunt-cli@0.1.13
37 verbose installOne of grunt-cli to /usr/local/lib not in flight; installing
38 verbose lock using /Users/suchen/.npm/_locks/grunt-cli-58f484dab06f0a30.lock for /usr/local/lib/node_modules/grunt-cli
39 silly install write writing grunt-cli 0.1.13 to /usr/local/lib/node_modules/grunt-cli
40 silly cache addNamed cb grunt-cli@0.1.13
41 verbose unbuild lib/node_modules/grunt-cli
42 info preuninstall grunt-cli@0.1.13
43 info uninstall grunt-cli@0.1.13
44 verbose unbuild rmStuff grunt-cli@0.1.13 from /usr/local/lib/node_modules
45 silly gentlyRm /usr/local/bin/grunt is being gently removed
46 silly gentlyRm verifying /usr/local is an npm working directory
47 silly gentlyRm containing path /usr/local is under npm's control, in /usr/local
48 silly gentlyRm deletion target /usr/local/bin/grunt is under /usr/local
49 verbose gentlyRm vacuuming from /usr/local/bin/grunt up to /usr/local
50 info postuninstall grunt-cli@0.1.13
51 silly gentlyRm /usr/local/lib/node_modules/grunt-cli is being purged from base /usr/local
52 verbose gentlyRm don't care about contents; nuking /usr/local/lib/node_modules/grunt-cli
53 silly vacuum-fs purging /usr/local/lib/node_modules/grunt-cli
54 verbose unlock done using /Users/suchen/.npm/_locks/grunt-cli-58f484dab06f0a30.lock for /usr/local/lib/node_modules/grunt-cli
55 verbose stack Error: EACCES, rmdir '/usr/local/lib/node_modules/grunt-cli'
55 verbose stack     at Error (native)
56 verbose cwd /Users/suchen/Desktop/projects/gdshow
57 error Darwin 14.3.0
58 error argv "node" "/usr/local/bin/npm" "install" "-g" "grunt-cli"
59 error node v0.12.1
60 error npm  v2.7.4
61 error path /usr/local/lib/node_modules/grunt-cli
62 error code EACCES
63 error errno -13
64 error Error: EACCES, rmdir '/usr/local/lib/node_modules/grunt-cli'
64 error     at Error (native)
64 error  { [Error: EACCES, rmdir '/usr/local/lib/node_modules/grunt-cli']
64 error   errno: -13,
64 error   code: 'EACCES',
64 error   path: '/usr/local/lib/node_modules/grunt-cli' }
65 error Please try running this command again as root/Administrator.
66 verbose exit [ -13, true ]
67 verbose unbuild lib/node_modules/grunt-cli
68 info preuninstall grunt-cli@0.1.13
69 info uninstall grunt-cli@0.1.13
70 verbose unbuild rmStuff grunt-cli@0.1.13 from /usr/local/lib/node_modules
71 silly gentlyRm /usr/local/bin/grunt is being gently removed
72 silly gentlyRm verifying /usr/local is an npm working directory
73 silly gentlyRm containing path /usr/local is under npm's control, in /usr/local
74 silly gentlyRm deletion target /usr/local/bin/grunt is under /usr/local
75 verbose gentlyRm vacuuming from /usr/local/bin/grunt up to /usr/local
76 info postuninstall grunt-cli@0.1.13
77 silly gentlyRm /usr/local/lib/node_modules/grunt-cli is being purged from base /usr/local
78 verbose gentlyRm don't care about contents; nuking /usr/local/lib/node_modules/grunt-cli
79 silly vacuum-fs purging /usr/local/lib/node_modules/grunt-cli
80 error error rolling back Error: EACCES, rmdir '/usr/local/lib/node_modules/grunt-cli'
80 error error rolling back     at Error (native)
80 error error rolling back  { [Error: EACCES, rmdir '/usr/local/lib/node_modules/grunt-cli']
80 error error rolling back   errno: -13,
80 error error rolling back   code: 'EACCES',
80 error error rolling back   path: '/usr/local/lib/node_modules/grunt-cli' }
